<?xml version="1.0" encoding="UTF-8"?>
<testsuite name="SmokeTest" tests="8" skipped="0" failures="0" errors="0" timestamp="2021-08-28T07:46:04" hostname="DESKTOP-EV6BB6M" time="1.005">
  <properties/>
  <testcase name="WEB: Webserver - SMOKETEST - public index" classname="SmokeTest" time="0.045"/>
  <testcase name="WEB: Webserver - SMOKETEST - private main" classname="SmokeTest" time="0.203"/>
  <testcase name="WEB: Webserver - SMOKETEST - public products" classname="SmokeTest" time="0.094"/>
  <testcase name="WEB: Webserver - SMOKETEST - private products" classname="SmokeTest" time="0.2"/>
  <testcase name="WEB: Webserver - SMOKETEST - public information" classname="SmokeTest" time="0.086"/>
  <testcase name="WEB: Webserver - SMOKETEST - private welcome" classname="SmokeTest" time="0.095"/>
  <testcase name="KEYKLOAK: Keycloak - SMOKETEST - Auth" classname="SmokeTest" time="0.065"/>
  <testcase name="WEB: Webserver - SMOKETEST - private settings" classname="SmokeTest" time="0.215"/>
  <system-out><![CDATA[]]></system-out>
  <system-err><![CDATA[]]></system-err>
</testsuite>
