<?xml version="1.0" encoding="UTF-8"?>
<testsuite name="SecurityTest" tests="2" skipped="0" failures="0" errors="0" timestamp="2021-08-28T07:46:42" hostname="DESKTOP-EV6BB6M" time="0.42">
  <properties/>
  <testcase name="WEB: Webserver - SECURITY - Zugriffskontrolle - Private-Bereich main" classname="SecurityTest" time="0.193"/>
  <testcase name="WEB: Webserver - SECURITY - Zugriffskontrolle - Private-Bereich products" classname="SecurityTest" time="0.227"/>
  <system-out><![CDATA[]]></system-out>
  <system-err><![CDATA[]]></system-err>
</testsuite>
