<?xml version="1.0" encoding="UTF-8"?>
<testsuite name="WebserverTest" tests="9" skipped="0" failures="0" errors="0" timestamp="2021-08-26T18:39:30" hostname="DESKTOP-EV6BB6M" time="0.842">
  <properties/>
  <testcase name="WEB: Webserver - LOGICTEST - Zugriffskontrolle - Private-Bereich main" classname="WebserverTest" time="0.093"/>
  <testcase name="WEB: Webserver - SMOKETEST - public index" classname="WebserverTest" time="0.092"/>
  <testcase name="WEB: Webserver - SMOKETEST - private main" classname="WebserverTest" time="0.108"/>
  <testcase name="WEB: Webserver - SMOKETEST - public products" classname="WebserverTest" time="0.091"/>
  <testcase name="WEB: Webserver - SMOKETEST - private products" classname="WebserverTest" time="0.092"/>
  <testcase name="WEB: Webserver - LOGICTEST - Zugriffskontrolle - Private-Bereich products" classname="WebserverTest" time="0.112"/>
  <testcase name="WEB: Webserver - SMOKETEST - public information" classname="WebserverTest" time="0.076"/>
  <testcase name="WEB: Webserver - SMOKETEST - private welcome" classname="WebserverTest" time="0.101"/>
  <testcase name="WEB: Webserver - SMOKETEST - private settings" classname="WebserverTest" time="0.07"/>
  <system-out><![CDATA[]]></system-out>
  <system-err><![CDATA[]]></system-err>
</testsuite>
