<?xml version="1.0" encoding="UTF-8"?>
<testsuite name="IntegrationTest" tests="1" skipped="0" failures="0" errors="0" timestamp="2021-08-28T07:46:03" hostname="DESKTOP-EV6BB6M" time="0.542">
  <properties/>
  <testcase name="WEB: Webserver - Integrationtest - API coindata" classname="IntegrationTest" time="0.542"/>
  <system-out><![CDATA[]]></system-out>
  <system-err><![CDATA[]]></system-err>
</testsuite>
