<?xml version="1.0" encoding="UTF-8"?>
<testsuite name="DatabaseTest" tests="14" skipped="0" failures="0" errors="0" timestamp="2021-08-26T17:25:01" hostname="DESKTOP-EV6BB6M" time="1.667">
  <properties/>
  <testcase name="DB: Database - Smoketest" classname="DatabaseTest" time="0.297"/>
  <testcase name="DB: Database - PROC 3 - sps_GET_MENUEBUTTON" classname="DatabaseTest" time="0.027"/>
  <testcase name="WEB: Webserver - SMOKETEST - public index" classname="DatabaseTest" time="0.085"/>
  <testcase name="WEB: Webserver - SMOKETEST - private main" classname="DatabaseTest" time="0.09"/>
  <testcase name="WEB: Webserver - SMOKETEST - public products" classname="DatabaseTest" time="0.08"/>
  <testcase name="DB: Database - PROC 4 - sps_IN_newUser" classname="DatabaseTest" time="0.235"/>
  <testcase name="WEB: Webserver - SMOKETEST - private products" classname="DatabaseTest" time="0.092"/>
  <testcase name="WEB: Webserver - SMOKETEST - API coindata" classname="DatabaseTest" time="0.37"/>
  <testcase name="DB: Database - PROC 2 - sps_GET_COINDATA" classname="DatabaseTest" time="0.023"/>
  <testcase name="WEB: Webserver - SMOKETEST - public information" classname="DatabaseTest" time="0.081"/>
  <testcase name="WEB: Webserver - SMOKETEST - private welcome" classname="DatabaseTest" time="0.085"/>
  <testcase name="DB: Database - Initialised" classname="DatabaseTest" time="0.031"/>
  <testcase name="DB: Database - PROC 1 - sps_GET_LOGIN" classname="DatabaseTest" time="0.087"/>
  <testcase name="WEB: Webserver - SMOKETEST - private settings" classname="DatabaseTest" time="0.081"/>
  <system-out><![CDATA[fgh
]]></system-out>
  <system-err><![CDATA[Loading class `com.mysql.jdbc.Driver'. This is deprecated. The new driver class is `com.mysql.cj.jdbc.Driver'. The driver is automatically registered via the SPI and manual loading of the driver class is generally unnecessary.
]]></system-err>
</testsuite>
