<?xml version="1.0" encoding="UTF-8"?>
<testsuite name="SecurityTest" tests="2" skipped="0" failures="0" errors="0" timestamp="2021-08-28T07:52:58" hostname="DESKTOP-EV6BB6M" time="0.384">
  <properties/>
  <testcase name="WEB: Webserver - SECURITY - Zugriffskontrolle - Private-Bereich main" classname="SecurityTest" time="0.209"/>
  <testcase name="WEB: Webserver - SECURITY - Zugriffskontrolle - Private-Bereich products" classname="SecurityTest" time="0.175"/>
  <system-out><![CDATA[]]></system-out>
  <system-err><![CDATA[]]></system-err>
</testsuite>
