<?xml version="1.0" encoding="UTF-8"?>
<testsuite name="SmokeTest" tests="8" skipped="0" failures="0" errors="0" timestamp="2021-08-28T07:52:58" hostname="DESKTOP-EV6BB6M" time="0.762">
  <properties/>
  <testcase name="WEB: Webserver - SMOKETEST - public index" classname="SmokeTest" time="0.038"/>
  <testcase name="WEB: Webserver - SMOKETEST - private main" classname="SmokeTest" time="0.164"/>
  <testcase name="WEB: Webserver - SMOKETEST - public products" classname="SmokeTest" time="0.059"/>
  <testcase name="WEB: Webserver - SMOKETEST - private products" classname="SmokeTest" time="0.185"/>
  <testcase name="WEB: Webserver - SMOKETEST - public information" classname="SmokeTest" time="0.076"/>
  <testcase name="WEB: Webserver - SMOKETEST - private welcome" classname="SmokeTest" time="0.057"/>
  <testcase name="KEYKLOAK: Keycloak - SMOKETEST - Auth" classname="SmokeTest" time="0.03"/>
  <testcase name="WEB: Webserver - SMOKETEST - private settings" classname="SmokeTest" time="0.152"/>
  <system-out><![CDATA[]]></system-out>
  <system-err><![CDATA[]]></system-err>
</testsuite>
