<?xml version="1.0" encoding="UTF-8"?>
<testsuite name="DatabaseTest" tests="14" skipped="0" failures="0" errors="0" timestamp="2021-08-26T17:48:23" hostname="DESKTOP-EV6BB6M" time="1.663">
  <properties/>
  <testcase name="DB: Database - Smoketest" classname="DatabaseTest" time="0.314"/>
  <testcase name="DB: Database - PROC 3 - sps_GET_MENUEBUTTON" classname="DatabaseTest" time="0.028"/>
  <testcase name="WEB: Webserver - SMOKETEST - public index" classname="DatabaseTest" time="0.095"/>
  <testcase name="WEB: Webserver - SMOKETEST - private main" classname="DatabaseTest" time="0.106"/>
  <testcase name="WEB: Webserver - SMOKETEST - public products" classname="DatabaseTest" time="0.095"/>
  <testcase name="DB: Database - PROC 4 - sps_IN_newUser" classname="DatabaseTest" time="0.219"/>
  <testcase name="WEB: Webserver - SMOKETEST - private products" classname="DatabaseTest" time="0.097"/>
  <testcase name="WEB: Webserver - SMOKETEST - API coindata" classname="DatabaseTest" time="0.265"/>
  <testcase name="DB: Database - PROC 2 - sps_GET_COINDATA" classname="DatabaseTest" time="0.023"/>
  <testcase name="WEB: Webserver - SMOKETEST - public information" classname="DatabaseTest" time="0.102"/>
  <testcase name="WEB: Webserver - SMOKETEST - private welcome" classname="DatabaseTest" time="0.109"/>
  <testcase name="DB: Database - Initialised" classname="DatabaseTest" time="0.032"/>
  <testcase name="DB: Database - PROC 1 - sps_GET_LOGIN" classname="DatabaseTest" time="0.088"/>
  <testcase name="WEB: Webserver - SMOKETEST - private settings" classname="DatabaseTest" time="0.085"/>
  <system-out><![CDATA[<!DOCTYPE html>
<html>
	<body>
		
<!DOCTYPE html>
<html lang="en">
<head>
<meta charset="utf-8">
<meta name="viewport" content="width=device-width, height=device-height, initial-scale=1">
<link rel="stylesheet" href="CRYBOT/Include/CSS/style5.css">
<link rel="stylesheet" href="CRYBOT/Include/CSS/slider.css">
<link rel="stylesheet" href="CRYBOT/Include/CSS/table.css">


<script>"sessionStorage.clear();"</script>





<br>
</head >
  <body style="background-image: url(CRYBOT/Include/IMG/bg.jpg);">
  <header>
</header>

<section class="dsec1">
<img src="CRYBOT/Include/IMG/skizze2.png" alt="" class="imglogo">

    <label class="switch">
  <input type="checkbox">
  <span class="slider"></span>
</label>

</section>


<section class="dsec2">


  <nav class="nhead">
    hello Test
  </nav>
  <article class="ahead">
    articlefoot
  </article> 
  <article class="bar">
    This is how trading feels like today ... ;D
    <img src="CRYBOT/Include/IMG/25117045.webp" alt="" class="imgbar">



  </article>
  <nav>
    <ul>
    <button class='button button1'; onclick= location.href='http://localhost/CRYBOT/Feautures/private/login.php'; >Login</button><br />
<b>Warning</b>:  mysqli::__construct(): (HY000/2002): Cannot assign requested address in <b>/var/www/html/CRYBOT/Include/database/DBConnector.php</b> on line <b>93</b><br />
Connection failed: Cannot assign requested address

<!DOCTYPE html>
<html lang="en">
<head>
<meta charset="utf-8">
<meta name="viewport" content="width=device-width, height=device-height, initial-scale=1">
<link rel="stylesheet" href="../../Include/CSS/style5.css">
<link rel="stylesheet" href="../../Include/CSS/slider.css">
<link rel="stylesheet" href="../../Include/CSS/table.css">

<script src="http://localhost:8180/auth/js/keycloak.js"></script>
<script src="../../Include/JS/keycloak.js"></script>






<br>



<br>

    
<br />
<b>Warning</b>:  Undefined array key "rtoken" in <b>/var/www/html/CRYBOT/Feautures/private/main.php</b> on line <b>26</b><br />
array (
  'url' => 'http://localhost:8180/auth/realms/CRYBOT/protocol/openid-connect/token',
  'content_type' => NULL,
  'http_code' => 0,
  'header_size' => 0,
  'request_size' => 0,
  'filetime' => -1,
  'ssl_verify_result' => 0,
  'redirect_count' => 0,
  'total_time' => 0.000249,
  'namelookup_time' => 0.000197,
  'connect_time' => 0.0,
  'pretransfer_time' => 0.0,
  'size_upload' => 0.0,
  'size_download' => 0.0,
  'speed_download' => 0.0,
  'speed_upload' => 0.0,
  'download_content_length' => -1.0,
  'upload_content_length' => -1.0,
  'starttransfer_time' => 0.0,
  'redirect_time' => 0.0,
  'redirect_url' => '',
  'primary_ip' => '',
  'certinfo' => 
  array (
  ),
  'primary_port' => 0,
  'local_ip' => '',
  'local_port' => 0,
  'http_version' => 0,
  'protocol' => 0,
  'ssl_verifyresult' => 0,
  'scheme' => '',
  'appconnect_time_us' => 0,
  'connect_time_us' => 0,
  'namelookup_time_us' => 197,
  'pretransfer_time_us' => 0,
  'redirect_time_us' => 0,
  'starttransfer_time_us' => 0,
  'total_time_us' => 249,
)error occured during curl exec. Additioanl info: 

<!DOCTYPE html>
<html lang="en">
<head>
<meta charset="utf-8">
<meta name="viewport" content="width=device-width, height=device-height, initial-scale=1">
<link rel="stylesheet" href="../../Include/CSS/style7.css">
<link rel="stylesheet" href="../../Include/CSS/slider.css">
<link rel="stylesheet" href="../../Include/CSS/table.css">






<br><br />
<b>Warning</b>:  mysqli::__construct(): (HY000/2002): Cannot assign requested address in <b>/var/www/html/CRYBOT/Include/database/DBConnector.php</b> on line <b>112</b><br />
Connection failed: Cannot assign requested address

<!DOCTYPE html>
<html lang="en">
<head>
<meta charset="utf-8">
<meta name="viewport" content="width=device-width, height=device-height, initial-scale=1">
<link rel="stylesheet" href="../../Include/CSS/style5.css">
<link rel="stylesheet" href="../../Include/CSS/slider.css">
<link rel="stylesheet" href="../../Include/CSS/charts.css">
<link rel="stylesheet" href="../../Include/CSS/table.css">



<script src="http://localhost:8180/auth/js/keycloak.js"></script>
<script src="../../Include/JS/keycloak.js"></script>

<link rel="stylesheet" href="https://stackpath.bootstrapcdn.com/bootstrap/4.3.1/css/bootstrap.min.css">
<link rel="stylesheet" type="text/css" href="https://cdn.datatables.net/1.10.25/css/jquery.dataTables.min.css">
<script src='https://cdn.plot.ly/plotly-latest.min.js'></script>
<script src="https://cdn.jsdelivr.net/npm/chart.js@2.8.0"></script>
<script src="https://code.jquery.com/jquery-3.4.1.min.js" ></script>
<script type="text/javascript" language="javascript" src="https://cdn.datatables.net/1.10.25/js/jquery.dataTables.min.js"></script>
<script type="text/javascript" language="javascript" src="https://cdn.datatables.net/1.10.19/js/dataTables.bootstrap4.min.js"></script>
<link rel="stylesheet" href="https://stackpath.bootstrapcdn.com/bootstrap/4.3.1/css/bootstrap.min.css">
<script>
            $(document).ready(function() {
                $('#coinTable').DataTable();
            } );
</script>




<br>



<br>

    
<br />
<b>Warning</b>:  Undefined array key "rtoken" in <b>/var/www/html/CRYBOT/Feautures/private/products.php</b> on line <b>41</b><br />
array (
  'url' => 'http://localhost:8180/auth/realms/CRYBOT/protocol/openid-connect/token',
  'content_type' => NULL,
  'http_code' => 0,
  'header_size' => 0,
  'request_size' => 0,
  'filetime' => -1,
  'ssl_verify_result' => 0,
  'redirect_count' => 0,
  'total_time' => 0.000243,
  'namelookup_time' => 0.000202,
  'connect_time' => 0.0,
  'pretransfer_time' => 0.0,
  'size_upload' => 0.0,
  'size_download' => 0.0,
  'speed_download' => 0.0,
  'speed_upload' => 0.0,
  'download_content_length' => -1.0,
  'upload_content_length' => -1.0,
  'starttransfer_time' => 0.0,
  'redirect_time' => 0.0,
  'redirect_url' => '',
  'primary_ip' => '',
  'certinfo' => 
  array (
  ),
  'primary_port' => 0,
  'local_ip' => '',
  'local_port' => 0,
  'http_version' => 0,
  'protocol' => 0,
  'ssl_verifyresult' => 0,
  'scheme' => '',
  'appconnect_time_us' => 0,
  'connect_time_us' => 0,
  'namelookup_time_us' => 202,
  'pretransfer_time_us' => 0,
  'redirect_time_us' => 0,
  'starttransfer_time_us' => 0,
  'total_time_us' => 243,
)error occured during curl exec. Additioanl info: 
{"datarow1":["0.14984","0.15000084","0.14987083","0.14985767","0.14989184","0.150039","0.14973667","0.149646","0.14962517","0.14971617","0.14991933","0.15006816","0.14998633","0.15001066","0.15008417","0.14998066","0.14998384","0.15007684","0.15009393","0.150247"],"uri":null}

<!DOCTYPE html>
<html lang="en">
<head>
<meta charset="utf-8">
<meta name="viewport" content="width=device-width, height=device-height, initial-scale=1">
<link rel="stylesheet" href="../../Include/CSS/style7.css">
<link rel="stylesheet" href="../../Include/CSS/slider.css">
<link rel="stylesheet" href="../../Include/CSS/table.css">




<br><br />
<b>Warning</b>:  mysqli::__construct(): (HY000/2002): Cannot assign requested address in <b>/var/www/html/CRYBOT/Include/database/DBConnector.php</b> on line <b>112</b><br />
Connection failed: Cannot assign requested address

<!DOCTYPE html>
<html lang="en">
<head >
<meta charset="utf-8">
<meta name="viewport" content="width=device-width, height=device-height, initial-scale=1">
<link rel="stylesheet" href="../../Include/CSS/style5.css">
<link rel="stylesheet" href="../../Include/CSS/slider.css">
<link rel="stylesheet" href="../../Include/CSS/table.css">
<script type="text/javascript" src="../../Include/JS/jquery-3.6.0.js"></script>







<br>



<br>

   <br />
<b>Warning</b>:  Cannot modify header information - headers already sent by (output started at /var/www/html/CRYBOT/Feautures/private/Welcome.php:7) in <b>/var/www/html/CRYBOT/Include/PHP/loginEvent.php</b> on line <b>24</b><br />
<br />
<b>Warning</b>:  mysqli::__construct(): (HY000/2002): Cannot assign requested address in <b>/var/www/html/CRYBOT/Include/database/DBConnector.php</b> on line <b>112</b><br />
Connection failed: Cannot assign requested address

<!DOCTYPE html>
<html lang="en">
<head>
<meta charset="utf-8">
<meta name="viewport" content="width=device-width, height=device-height, initial-scale=1">
<link rel="stylesheet" href="../../Include/CSS/style5.css">
<link rel="stylesheet" href="../../Include/CSS/slider.css">
<link rel="stylesheet" href="../../Include/CSS/table.css">

<script src="http://localhost:8180/auth/js/keycloak.js"></script>
<script src="../../Include/JS/keycloak.js"></script>




<br>



<br>

    
<br />
<b>Warning</b>:  Undefined array key "rtoken" in <b>/var/www/html/CRYBOT/Feautures/private/settings.php</b> on line <b>25</b><br />
array (
  'url' => 'http://localhost:8180/auth/realms/CRYBOT/protocol/openid-connect/token',
  'content_type' => NULL,
  'http_code' => 0,
  'header_size' => 0,
  'request_size' => 0,
  'filetime' => -1,
  'ssl_verify_result' => 0,
  'redirect_count' => 0,
  'total_time' => 0.000214,
  'namelookup_time' => 0.00017,
  'connect_time' => 0.0,
  'pretransfer_time' => 0.0,
  'size_upload' => 0.0,
  'size_download' => 0.0,
  'speed_download' => 0.0,
  'speed_upload' => 0.0,
  'download_content_length' => -1.0,
  'upload_content_length' => -1.0,
  'starttransfer_time' => 0.0,
  'redirect_time' => 0.0,
  'redirect_url' => '',
  'primary_ip' => '',
  'certinfo' => 
  array (
  ),
  'primary_port' => 0,
  'local_ip' => '',
  'local_port' => 0,
  'http_version' => 0,
  'protocol' => 0,
  'ssl_verifyresult' => 0,
  'scheme' => '',
  'appconnect_time_us' => 0,
  'connect_time_us' => 0,
  'namelookup_time_us' => 170,
  'pretransfer_time_us' => 0,
  'redirect_time_us' => 0,
  'starttransfer_time_us' => 0,
  'total_time_us' => 214,
)error occured during curl exec. Additioanl info: 
]]></system-out>
  <system-err><![CDATA[Loading class `com.mysql.jdbc.Driver'. This is deprecated. The new driver class is `com.mysql.cj.jdbc.Driver'. The driver is automatically registered via the SPI and manual loading of the driver class is generally unnecessary.
]]></system-err>
</testsuite>
